[INFO] 17:22:10:371 Kernel/(5835:5850): 
[rutina estadoNEW] - Entramos al planificador de largo plazo!

[INFO] 17:22:10:458 Kernel/(5835:5851): 
[Rutina planificadorCortoPlazo] - Entramos al planificador de corto plazo!

[INFO] 17:22:23:973 Kernel/(5835:5858): 
[rutina aceptarConexiones] - Nueva Consola Conectada!
Socket Consola 8


[INFO] 17:22:24:55 Kernel/(5835:5862): [Rutina rutinaConsola] - Entramos al hilo de la consola: 8!

[INFO] 17:22:28:477 Kernel/(5835:5858): 
[rutina aceptarConexiones] - Nueva CPU Conectada
Socket CPU 9


[INFO] 17:22:28:581 Kernel/(5835:5865): [Rutina rutinaCPU] - Entramos al hilo de la CPU cuyo socket es: 9.

[INFO] 17:22:28:581 Kernel/(5835:5865): [Rutina rutinaCPU] - Entramos al Caso de que CPU pide un pcb: accion- 103!

[INFO] 17:22:48:139 Kernel/(5835:5862): [Rutina rutinaConsola] - Nuevo script recibido!

[INFO] 17:22:48:139 Kernel/(5835:5862): El stream es : begin
variables f, i, t
#`i`: Iterador
i=0
#`f`: Hasta donde contar
f=20
:inicio
#Incrementar el iterador
i=i+1
#Imprimir el contador
prints n i
#`t`: Comparador entre `i` y `f`
t=f-i
#De no ser iguales, salta a inicio
jnz t inicio
end
 /n
[INFO] 17:22:48:158 Kernel/(5835:5850): 


Estamos en la función newToReady a largo plazo!


[INFO] 17:22:48:158 Kernel/(5835:5850): Estructura:--
Pid: 1
Script: begin
variables f, i, t
#`i`: Iterador
i=0
#`f`: Hasta donde contar
f=20
:inicio
#Incrementar el iterador
i=i+1
#Imprimir el contador
prints n i
#`t`: Comparador entre `i` y `f`
t=f-i
#De no ser iguales, salta a inicio
jnz t inicio
end

SocketConsola:8


[INFO] 17:22:48:159 Kernel/(5835:5850): [memoria_dividirScriptEnPaginas] - begin
variables f, i, t
#`i`: Iterador
i=0
#`f`: Hasta donde contar
f=20
:inicio
#Incrementar el iterador
i=i+1
#Imprimir el contador
prints n i
#`t`: Comparador entre `i` y `f`
t=f-i
#De no ser iguales, salta a inicio
jnz t inicio
end

[INFO] 17:22:48:162 Kernel/(5835:5850): 

[Funcion consola_recibirScript] - Memoria dio el Ok para el proceso recien enviado: Ok-1

[INFO] 17:22:48:164 Kernel/(5835:5850): Envio una pagina: 0

[INFO] 17:22:48:164 Kernel/(5835:5850): La pagina 0, contiene:
[INFO] 17:22:48:165 Kernel/(5835:5850): begin
variables f, i, t
#`i`: Iterador
i=0
#`f`: Hasta donde contar
f=20
:inicio
#Incrementar el iterador
i=i+1
#Imprimir el contador
prints n i
#`t`: Comparador entre `i` y `f`
t=f-i
#De no ser iguales, salta a inicio
jnz t inicio
end

[INFO] 17:23:03:923 Kernel/(5835:5865): [Rutina rutinaCPU] - Entramos al Caso de que CPU termino la ejecucion de un proceso: accion- 104!

[INFO] 17:24:19:294 Kernel/(5835:5865): 
dentro de la busqueda
[INFO] 17:24:45:49 Kernel/(5835:5856): Se acaba de mandar a la consola n°: 8, que el proceso 1 acaba de finalizar con exit code: 0

[INFO] 17:25:00:352 Kernel/(5835:5865): [Rutina rutinaCPU] - Entramos al Caso de que CPU pide un pcb: accion- 103!

[INFO] 17:25:27:577 Kernel/(5835:5862): [Rutina rutinaConsola] - Nuevo script recibido!

[INFO] 17:25:27:577 Kernel/(5835:5862): El stream es : begin
variables f, i, t
#`i`: Iterador
i=0
#`f`: Hasta donde contar
f=20
:inicio
#Incrementar el iterador
i=i+1
#Imprimir el contador
prints n i
#`t`: Comparador entre `i` y `f`
t=f-i
#De no ser iguales, salta a inicio
jnz t inicio
end
 /n
[INFO] 17:25:27:623 Kernel/(5835:5850): 


Estamos en la función newToReady a largo plazo!


[INFO] 17:25:27:623 Kernel/(5835:5850): Estructura:--
Pid: 2
Script: begin
variables f, i, t
#`i`: Iterador
i=0
#`f`: Hasta donde contar
f=20
:inicio
#Incrementar el iterador
i=i+1
#Imprimir el contador
prints n i
#`t`: Comparador entre `i` y `f`
t=f-i
#De no ser iguales, salta a inicio
jnz t inicio
end

SocketConsola:8


[INFO] 17:25:27:623 Kernel/(5835:5850): [memoria_dividirScriptEnPaginas] - begin
variables f, i, t
#`i`: Iterador
i=0
#`f`: Hasta donde contar
f=20
:inicio
#Incrementar el iterador
i=i+1
#Imprimir el contador
prints n i
#`t`: Comparador entre `i` y `f`
t=f-i
#De no ser iguales, salta a inicio
jnz t inicio
end

[INFO] 17:25:27:625 Kernel/(5835:5850): 

[Funcion consola_recibirScript] - Memoria dio el Ok para el proceso recien enviado: Ok-1

[INFO] 17:25:27:627 Kernel/(5835:5850): Envio una pagina: 0

[INFO] 17:25:27:627 Kernel/(5835:5850): La pagina 0, contiene:
[INFO] 17:25:27:627 Kernel/(5835:5850): begin
variables f, i, t
#`i`: Iterador
i=0
#`f`: Hasta donde contar
f=20
:inicio
#Incrementar el iterador
i=i+1
#Imprimir el contador
prints n i
#`t`: Comparador entre `i` y `f`
t=f-i
#De no ser iguales, salta a inicio
jnz t inicio
end

[INFO] 17:26:02:243 Kernel/(5962:5969): 
[rutina estadoNEW] - Entramos al planificador de largo plazo!

[INFO] 17:26:02:369 Kernel/(5962:5970): 
[Rutina planificadorCortoPlazo] - Entramos al planificador de corto plazo!

[INFO] 17:26:04:532 Kernel/(5962:5976): 
[rutina aceptarConexiones] - Nueva CPU Conectada
Socket CPU 8


[INFO] 17:26:04:675 Kernel/(5962:5979): [Rutina rutinaCPU] - Entramos al hilo de la CPU cuyo socket es: 8.

[INFO] 17:26:04:676 Kernel/(5962:5979): [Rutina rutinaCPU] - Entramos al Caso de que CPU pide un pcb: accion- 103!

[INFO] 17:26:07:249 Kernel/(5962:5976): 
[rutina aceptarConexiones] - Nueva Consola Conectada!
Socket Consola 9


[INFO] 17:26:07:351 Kernel/(5962:5982): [Rutina rutinaConsola] - Entramos al hilo de la consola: 9!

[INFO] 17:26:14:271 Kernel/(5962:5982): [Rutina rutinaConsola] - Nuevo script recibido!

[INFO] 17:26:14:271 Kernel/(5962:5982): El stream es : begin
variables f, i, t
#`i`: Iterador
i=0
#`f`: Hasta donde contar
f=20
:inicio
#Incrementar el iterador
i=i+1
#Imprimir el contador
prints n i
#`t`: Comparador entre `i` y `f`
t=f-i
#De no ser iguales, salta a inicio
jnz t inicio
end
 /n
[INFO] 17:26:14:310 Kernel/(5962:5969): 


Estamos en la función newToReady a largo plazo!


[INFO] 17:26:14:310 Kernel/(5962:5969): Estructura:--
Pid: 1
Script: begin
variables f, i, t
#`i`: Iterador
i=0
#`f`: Hasta donde contar
f=20
:inicio
#Incrementar el iterador
i=i+1
#Imprimir el contador
prints n i
#`t`: Comparador entre `i` y `f`
t=f-i
#De no ser iguales, salta a inicio
jnz t inicio
end

SocketConsola:9


[INFO] 17:26:14:310 Kernel/(5962:5969): [memoria_dividirScriptEnPaginas] - begin
variables f, i, t
#`i`: Iterador
i=0
#`f`: Hasta donde contar
f=20
:inicio
#Incrementar el iterador
i=i+1
#Imprimir el contador
prints n i
#`t`: Comparador entre `i` y `f`
t=f-i
#De no ser iguales, salta a inicio
jnz t inicio
end

[INFO] 17:26:14:312 Kernel/(5962:5969): 

[Funcion consola_recibirScript] - Memoria dio el Ok para el proceso recien enviado: Ok-1

[INFO] 17:26:14:315 Kernel/(5962:5969): Envio una pagina: 0

[INFO] 17:26:14:315 Kernel/(5962:5969): La pagina 0, contiene:
[INFO] 17:26:14:315 Kernel/(5962:5969): begin
variables f, i, t
#`i`: Iterador
i=0
#`f`: Hasta donde contar
f=20
:inicio
#Incrementar el iterador
i=i+1
#Imprimir el contador
prints n i
#`t`: Comparador entre `i` y `f`
t=f-i
#De no ser iguales, salta a inicio
jnz t inicio
end

[INFO] 17:26:15:569 Kernel/(5962:5979): [Rutina rutinaCPU] - Entramos al Caso de que CPU se quedo sin quamtum y el proceso pasa a ready: accion- 105!

[INFO] 17:26:15:615 Kernel/(5962:5979): 
dentro de la busqueda
[INFO] 17:26:15:615 Kernel/(5962:5979): [Rutina rutinaCPU] - Entramos al Caso de que CPU pide un pcb: accion- 103!

[INFO] 17:26:15:967 Kernel/(5962:5979): [Rutina rutinaCPU] - Entramos al Caso de que CPU se quedo sin quamtum y el proceso pasa a ready: accion- 105!

[INFO] 17:26:15:1 Kernel/(5962:5979): 
dentro de la busqueda
[INFO] 17:26:16:12 Kernel/(5962:5979): [Rutina rutinaCPU] - Entramos al Caso de que CPU pide un pcb: accion- 103!

[INFO] 17:26:16:378 Kernel/(5962:5979): [Rutina rutinaCPU] - Entramos al Caso de que CPU se quedo sin quamtum y el proceso pasa a ready: accion- 105!

[INFO] 17:26:16:475 Kernel/(5962:5979): 
dentro de la busqueda
[INFO] 17:26:16:476 Kernel/(5962:5979): [Rutina rutinaCPU] - Entramos al Caso de que CPU pide un pcb: accion- 103!

[INFO] 17:26:16:837 Kernel/(5962:5979): [Rutina rutinaCPU] - Entramos al Caso de que CPU se quedo sin quamtum y el proceso pasa a ready: accion- 105!

[INFO] 17:26:16:837 Kernel/(5962:5979): 
dentro de la busqueda
[INFO] 17:26:16:857 Kernel/(5962:5979): [Rutina rutinaCPU] - Entramos al Caso de que CPU pide un pcb: accion- 103!

[INFO] 17:26:17:239 Kernel/(5962:5979): [Rutina rutinaCPU] - Entramos al Caso de que CPU se quedo sin quamtum y el proceso pasa a ready: accion- 105!

[INFO] 17:26:17:246 Kernel/(5962:5979): 
dentro de la busqueda
[INFO] 17:26:17:276 Kernel/(5962:5979): [Rutina rutinaCPU] - Entramos al Caso de que CPU pide un pcb: accion- 103!

[INFO] 17:26:17:649 Kernel/(5962:5979): [Rutina rutinaCPU] - Entramos al Caso de que CPU se quedo sin quamtum y el proceso pasa a ready: accion- 105!

[INFO] 17:26:17:650 Kernel/(5962:5979): 
dentro de la busqueda
[INFO] 17:26:17:703 Kernel/(5962:5979): [Rutina rutinaCPU] - Entramos al Caso de que CPU pide un pcb: accion- 103!

[INFO] 17:26:18:68 Kernel/(5962:5979): [Rutina rutinaCPU] - Entramos al Caso de que CPU se quedo sin quamtum y el proceso pasa a ready: accion- 105!

[INFO] 17:26:18:68 Kernel/(5962:5979): 
dentro de la busqueda
[INFO] 17:26:18:76 Kernel/(5962:5979): [Rutina rutinaCPU] - Entramos al Caso de que CPU pide un pcb: accion- 103!

[INFO] 17:26:18:458 Kernel/(5962:5979): [Rutina rutinaCPU] - Entramos al Caso de que CPU se quedo sin quamtum y el proceso pasa a ready: accion- 105!

[INFO] 17:26:18:507 Kernel/(5962:5979): 
dentro de la busqueda
[INFO] 17:26:18:507 Kernel/(5962:5979): [Rutina rutinaCPU] - Entramos al Caso de que CPU pide un pcb: accion- 103!

[INFO] 17:26:18:854 Kernel/(5962:5979): [Rutina rutinaCPU] - Entramos al Caso de que CPU se quedo sin quamtum y el proceso pasa a ready: accion- 105!

[INFO] 17:26:18:855 Kernel/(5962:5979): 
dentro de la busqueda
[INFO] 17:26:18:882 Kernel/(5962:5979): [Rutina rutinaCPU] - Entramos al Caso de que CPU pide un pcb: accion- 103!

[INFO] 17:26:19:258 Kernel/(5962:5979): [Rutina rutinaCPU] - Entramos al Caso de que CPU se quedo sin quamtum y el proceso pasa a ready: accion- 105!

[INFO] 17:26:19:270 Kernel/(5962:5979): 
dentro de la busqueda
[INFO] 17:26:19:295 Kernel/(5962:5979): [Rutina rutinaCPU] - Entramos al Caso de que CPU pide un pcb: accion- 103!

[INFO] 17:26:19:634 Kernel/(5962:5979): [Rutina rutinaCPU] - Entramos al Caso de que CPU se quedo sin quamtum y el proceso pasa a ready: accion- 105!

[INFO] 17:26:19:663 Kernel/(5962:5979): 
dentro de la busqueda
[INFO] 17:26:19:678 Kernel/(5962:5979): [Rutina rutinaCPU] - Entramos al Caso de que CPU pide un pcb: accion- 103!

[INFO] 17:26:20:38 Kernel/(5962:5979): [Rutina rutinaCPU] - Entramos al Caso de que CPU se quedo sin quamtum y el proceso pasa a ready: accion- 105!

[INFO] 17:26:20:38 Kernel/(5962:5979): 
dentro de la busqueda
[INFO] 17:26:20:67 Kernel/(5962:5979): [Rutina rutinaCPU] - Entramos al Caso de que CPU pide un pcb: accion- 103!

[INFO] 17:26:20:437 Kernel/(5962:5979): [Rutina rutinaCPU] - Entramos al Caso de que CPU se quedo sin quamtum y el proceso pasa a ready: accion- 105!

[INFO] 17:26:20:438 Kernel/(5962:5979): 
dentro de la busqueda
[INFO] 17:26:20:463 Kernel/(5962:5979): [Rutina rutinaCPU] - Entramos al Caso de que CPU pide un pcb: accion- 103!

[INFO] 17:26:20:853 Kernel/(5962:5979): [Rutina rutinaCPU] - Entramos al Caso de que CPU se quedo sin quamtum y el proceso pasa a ready: accion- 105!

[INFO] 17:26:20:853 Kernel/(5962:5979): 
dentro de la busqueda
[INFO] 17:26:20:885 Kernel/(5962:5979): [Rutina rutinaCPU] - Entramos al Caso de que CPU pide un pcb: accion- 103!

[INFO] 17:26:21:261 Kernel/(5962:5979): [Rutina rutinaCPU] - Entramos al Caso de que CPU se quedo sin quamtum y el proceso pasa a ready: accion- 105!

[INFO] 17:26:21:334 Kernel/(5962:5979): 
dentro de la busqueda
[INFO] 17:26:21:334 Kernel/(5962:5979): [Rutina rutinaCPU] - Entramos al Caso de que CPU pide un pcb: accion- 103!

[INFO] 17:26:21:699 Kernel/(5962:5979): [Rutina rutinaCPU] - Entramos al Caso de que CPU se quedo sin quamtum y el proceso pasa a ready: accion- 105!

[INFO] 17:26:21:699 Kernel/(5962:5979): 
dentro de la busqueda
[INFO] 17:26:21:745 Kernel/(5962:5979): [Rutina rutinaCPU] - Entramos al Caso de que CPU pide un pcb: accion- 103!

[INFO] 17:26:22:86 Kernel/(5962:5979): [Rutina rutinaCPU] - Entramos al Caso de que CPU se quedo sin quamtum y el proceso pasa a ready: accion- 105!

[INFO] 17:26:22:87 Kernel/(5962:5979): 
dentro de la busqueda
[INFO] 17:26:22:130 Kernel/(5962:5979): [Rutina rutinaCPU] - Entramos al Caso de que CPU pide un pcb: accion- 103!

[INFO] 17:26:22:460 Kernel/(5962:5979): [Rutina rutinaCPU] - Entramos al Caso de que CPU se quedo sin quamtum y el proceso pasa a ready: accion- 105!

[INFO] 17:26:22:512 Kernel/(5962:5979): 
dentro de la busqueda
[INFO] 17:26:22:512 Kernel/(5962:5979): [Rutina rutinaCPU] - Entramos al Caso de que CPU pide un pcb: accion- 103!

[INFO] 17:26:22:911 Kernel/(5962:5979): [Rutina rutinaCPU] - Entramos al Caso de que CPU se quedo sin quamtum y el proceso pasa a ready: accion- 105!

[INFO] 17:26:22:911 Kernel/(5962:5979): 
dentro de la busqueda
[INFO] 17:26:22:931 Kernel/(5962:5979): [Rutina rutinaCPU] - Entramos al Caso de que CPU pide un pcb: accion- 103!

[INFO] 17:26:23:313 Kernel/(5962:5979): [Rutina rutinaCPU] - Entramos al Caso de que CPU se quedo sin quamtum y el proceso pasa a ready: accion- 105!

[INFO] 17:26:23:313 Kernel/(5962:5979): 
dentro de la busqueda
[INFO] 17:26:23:351 Kernel/(5962:5979): [Rutina rutinaCPU] - Entramos al Caso de que CPU pide un pcb: accion- 103!

[INFO] 17:26:28:995 Kernel/(5962:5979): [Rutina rutinaCPU] - Entramos al Caso de que CPU termino la ejecucion de un proceso: accion- 104!

[INFO] 17:26:53:55 Kernel/(5962:5979): 
dentro de la busqueda
[INFO] 17:26:54:253 Kernel/(5962:5974): Se acaba de mandar a la consola n°: 9, que el proceso 1 acaba de finalizar con exit code: 0

[INFO] 17:27:02:814 Kernel/(5962:5979): [Rutina rutinaCPU] - Entramos al Caso de que CPU se quedo sin quamtum y el proceso pasa a ready: accion- 105!

[INFO] 17:29:42:410 Kernel/(6036:6048): 
[rutina estadoNEW] - Entramos al planificador de largo plazo!

[INFO] 17:29:42:483 Kernel/(6036:6049): 
[Rutina planificadorCortoPlazo] - Entramos al planificador de corto plazo!

[INFO] 17:29:50:755 Kernel/(6036:6056): 
[rutina aceptarConexiones] - Nueva CPU Conectada
Socket CPU 8


[INFO] 17:29:50:896 Kernel/(6036:6059): [Rutina rutinaCPU] - Entramos al hilo de la CPU cuyo socket es: 8.

[INFO] 17:29:50:896 Kernel/(6036:6059): [Rutina rutinaCPU] - Entramos al Caso de que CPU pide un pcb: accion- 103!

[INFO] 17:29:53:475 Kernel/(6036:6056): 
[rutina aceptarConexiones] - Nueva Consola Conectada!
Socket Consola 9


[INFO] 17:29:53:567 Kernel/(6036:6061): [Rutina rutinaConsola] - Entramos al hilo de la consola: 9!

[INFO] 17:30:00:1 Kernel/(6036:6061): [Rutina rutinaConsola] - Nuevo script recibido!

[INFO] 17:30:01:6 Kernel/(6036:6061): El stream es : begin
variables f, i, t
#`i`: Iterador
i=0
#`f`: Hasta donde contar
f=20
:inicio
#Incrementar el iterador
i=i+1
#Imprimir el contador
prints n i
#`t`: Comparador entre `i` y `f`
t=f-i
#De no ser iguales, salta a inicio
jnz t inicio
end
 /n
[INFO] 17:30:01:21 Kernel/(6036:6048): 


Estamos en la función newToReady a largo plazo!


[INFO] 17:30:01:21 Kernel/(6036:6048): Estructura:--
Pid: 1
Script: begin
variables f, i, t
#`i`: Iterador
i=0
#`f`: Hasta donde contar
f=20
:inicio
#Incrementar el iterador
i=i+1
#Imprimir el contador
prints n i
#`t`: Comparador entre `i` y `f`
t=f-i
#De no ser iguales, salta a inicio
jnz t inicio
end

SocketConsola:9


[INFO] 17:30:01:22 Kernel/(6036:6048): [memoria_dividirScriptEnPaginas] - begin
variables f, i, t
#`i`: Iterador
i=0
#`f`: Hasta donde contar
f=20
:inicio
#Incrementar el iterador
i=i+1
#Imprimir el contador
prints n i
#`t`: Comparador entre `i` y `f`
t=f-i
#De no ser iguales, salta a inicio
jnz t inicio
end

[INFO] 17:30:01:27 Kernel/(6036:6048): 

[Funcion consola_recibirScript] - Memoria dio el Ok para el proceso recien enviado: Ok-1

[INFO] 17:30:01:62 Kernel/(6036:6048): Envio una pagina: 0

[INFO] 17:30:01:78 Kernel/(6036:6048): La pagina 0, contiene:
[INFO] 17:30:01:78 Kernel/(6036:6048): begin
variables f, i, t
#`i`: Iterador
i=0
#`f`: Hasta donde contar
f=20
:inicio
#Incrementar el iterador
i=i+1
#Imprimir el contador
prints n i
#`t`: Comparador entre `i` y `f`
t=f-i
#De no ser iguales, salta a inicio
jnz t inicio
end

[INFO] 17:30:02:326 Kernel/(6036:6059): [Rutina rutinaCPU] - Entramos al Caso de que CPU se quedo sin quamtum y el proceso pasa a ready: accion- 105!

[INFO] 17:30:02:326 Kernel/(6036:6059): 
dentro de la busqueda
[INFO] 17:30:02:345 Kernel/(6036:6059): [Rutina rutinaCPU] - Entramos al Caso de que CPU pide un pcb: accion- 103!

[INFO] 17:30:02:715 Kernel/(6036:6059): [Rutina rutinaCPU] - Entramos al Caso de que CPU se quedo sin quamtum y el proceso pasa a ready: accion- 105!

[INFO] 17:30:02:742 Kernel/(6036:6059): 
dentro de la busqueda
[INFO] 17:30:02:755 Kernel/(6036:6059): [Rutina rutinaCPU] - Entramos al Caso de que CPU pide un pcb: accion- 103!

[INFO] 17:30:03:103 Kernel/(6036:6059): [Rutina rutinaCPU] - Entramos al Caso de que CPU se quedo sin quamtum y el proceso pasa a ready: accion- 105!

[INFO] 17:30:03:111 Kernel/(6036:6059): 
dentro de la busqueda
[INFO] 17:30:03:150 Kernel/(6036:6059): [Rutina rutinaCPU] - Entramos al Caso de que CPU pide un pcb: accion- 103!

[INFO] 17:30:03:485 Kernel/(6036:6059): [Rutina rutinaCPU] - Entramos al Caso de que CPU se quedo sin quamtum y el proceso pasa a ready: accion- 105!

[INFO] 17:30:03:485 Kernel/(6036:6059): 
dentro de la busqueda
[INFO] 17:30:03:501 Kernel/(6036:6059): [Rutina rutinaCPU] - Entramos al Caso de que CPU pide un pcb: accion- 103!

[INFO] 17:30:03:895 Kernel/(6036:6059): [Rutina rutinaCPU] - Entramos al Caso de que CPU se quedo sin quamtum y el proceso pasa a ready: accion- 105!

[INFO] 17:30:03:927 Kernel/(6036:6059): 
dentro de la busqueda
[INFO] 17:30:03:935 Kernel/(6036:6059): [Rutina rutinaCPU] - Entramos al Caso de que CPU pide un pcb: accion- 103!

[INFO] 17:30:04:335 Kernel/(6036:6059): [Rutina rutinaCPU] - Entramos al Caso de que CPU se quedo sin quamtum y el proceso pasa a ready: accion- 105!

[INFO] 17:30:04:335 Kernel/(6036:6059): 
dentro de la busqueda
[INFO] 17:30:04:355 Kernel/(6036:6059): [Rutina rutinaCPU] - Entramos al Caso de que CPU pide un pcb: accion- 103!

[INFO] 17:30:04:721 Kernel/(6036:6059): [Rutina rutinaCPU] - Entramos al Caso de que CPU se quedo sin quamtum y el proceso pasa a ready: accion- 105!

[INFO] 17:30:04:721 Kernel/(6036:6059): 
dentro de la busqueda
[INFO] 17:30:04:764 Kernel/(6036:6059): [Rutina rutinaCPU] - Entramos al Caso de que CPU pide un pcb: accion- 103!

[INFO] 17:30:05:94 Kernel/(6036:6059): [Rutina rutinaCPU] - Entramos al Caso de que CPU se quedo sin quamtum y el proceso pasa a ready: accion- 105!

[INFO] 17:30:05:122 Kernel/(6036:6059): 
dentro de la busqueda
[INFO] 17:30:05:138 Kernel/(6036:6059): [Rutina rutinaCPU] - Entramos al Caso de que CPU pide un pcb: accion- 103!

[INFO] 17:30:05:485 Kernel/(6036:6059): [Rutina rutinaCPU] - Entramos al Caso de que CPU se quedo sin quamtum y el proceso pasa a ready: accion- 105!

[INFO] 17:30:05:485 Kernel/(6036:6059): 
dentro de la busqueda
[INFO] 17:30:05:492 Kernel/(6036:6059): [Rutina rutinaCPU] - Entramos al Caso de que CPU pide un pcb: accion- 103!

[INFO] 17:30:05:872 Kernel/(6036:6059): [Rutina rutinaCPU] - Entramos al Caso de que CPU se quedo sin quamtum y el proceso pasa a ready: accion- 105!

[INFO] 17:30:05:875 Kernel/(6036:6059): 
dentro de la busqueda
[INFO] 17:30:05:912 Kernel/(6036:6059): [Rutina rutinaCPU] - Entramos al Caso de que CPU pide un pcb: accion- 103!

[INFO] 17:30:06:275 Kernel/(6036:6059): [Rutina rutinaCPU] - Entramos al Caso de que CPU se quedo sin quamtum y el proceso pasa a ready: accion- 105!

[INFO] 17:30:06:320 Kernel/(6036:6059): 
dentro de la busqueda
[INFO] 17:30:06:321 Kernel/(6036:6059): [Rutina rutinaCPU] - Entramos al Caso de que CPU pide un pcb: accion- 103!

[INFO] 17:30:06:699 Kernel/(6036:6059): [Rutina rutinaCPU] - Entramos al Caso de que CPU se quedo sin quamtum y el proceso pasa a ready: accion- 105!

[INFO] 17:30:06:699 Kernel/(6036:6059): 
dentro de la busqueda
[INFO] 17:30:06:703 Kernel/(6036:6059): [Rutina rutinaCPU] - Entramos al Caso de que CPU pide un pcb: accion- 103!

[INFO] 17:30:07:99 Kernel/(6036:6059): [Rutina rutinaCPU] - Entramos al Caso de que CPU se quedo sin quamtum y el proceso pasa a ready: accion- 105!

[INFO] 17:30:07:99 Kernel/(6036:6059): 
dentro de la busqueda
[INFO] 17:30:07:103 Kernel/(6036:6059): [Rutina rutinaCPU] - Entramos al Caso de que CPU pide un pcb: accion- 103!

[INFO] 17:30:07:472 Kernel/(6036:6059): [Rutina rutinaCPU] - Entramos al Caso de que CPU se quedo sin quamtum y el proceso pasa a ready: accion- 105!

[INFO] 17:30:07:507 Kernel/(6036:6059): 
dentro de la busqueda
[INFO] 17:30:07:527 Kernel/(6036:6059): [Rutina rutinaCPU] - Entramos al Caso de que CPU pide un pcb: accion- 103!

[INFO] 17:30:07:857 Kernel/(6036:6059): [Rutina rutinaCPU] - Entramos al Caso de que CPU se quedo sin quamtum y el proceso pasa a ready: accion- 105!

[INFO] 17:30:07:857 Kernel/(6036:6059): 
dentro de la busqueda
[INFO] 17:30:07:872 Kernel/(6036:6059): [Rutina rutinaCPU] - Entramos al Caso de que CPU pide un pcb: accion- 103!

[INFO] 17:30:08:267 Kernel/(6036:6059): [Rutina rutinaCPU] - Entramos al Caso de que CPU se quedo sin quamtum y el proceso pasa a ready: accion- 105!

[INFO] 17:30:08:327 Kernel/(6036:6059): 
dentro de la busqueda
[INFO] 17:30:08:327 Kernel/(6036:6059): [Rutina rutinaCPU] - Entramos al Caso de que CPU pide un pcb: accion- 103!

[INFO] 17:30:08:682 Kernel/(6036:6059): [Rutina rutinaCPU] - Entramos al Caso de que CPU se quedo sin quamtum y el proceso pasa a ready: accion- 105!

[INFO] 17:30:08:770 Kernel/(6036:6059): 
dentro de la busqueda
[INFO] 17:30:08:770 Kernel/(6036:6059): [Rutina rutinaCPU] - Entramos al Caso de que CPU pide un pcb: accion- 103!

[INFO] 17:30:09:133 Kernel/(6036:6059): [Rutina rutinaCPU] - Entramos al Caso de que CPU se quedo sin quamtum y el proceso pasa a ready: accion- 105!

[INFO] 17:30:09:143 Kernel/(6036:6059): 
dentro de la busqueda
[INFO] 17:30:09:168 Kernel/(6036:6059): [Rutina rutinaCPU] - Entramos al Caso de que CPU pide un pcb: accion- 103!

[INFO] 17:30:09:562 Kernel/(6036:6059): [Rutina rutinaCPU] - Entramos al Caso de que CPU se quedo sin quamtum y el proceso pasa a ready: accion- 105!

[INFO] 17:30:09:652 Kernel/(6036:6059): 
dentro de la busqueda
[INFO] 17:30:09:652 Kernel/(6036:6059): [Rutina rutinaCPU] - Entramos al Caso de que CPU pide un pcb: accion- 103!

[INFO] 17:30:10:13 Kernel/(6036:6059): [Rutina rutinaCPU] - Entramos al Caso de que CPU se quedo sin quamtum y el proceso pasa a ready: accion- 105!

[INFO] 17:30:10:23 Kernel/(6036:6059): 
dentro de la busqueda
[INFO] 17:30:10:35 Kernel/(6036:6059): [Rutina rutinaCPU] - Entramos al Caso de que CPU pide un pcb: accion- 103!

[INFO] 17:30:23:174 Kernel/(6036:6059): [Rutina rutinaCPU] - Entramos al Caso de que CPU termino la ejecucion de un proceso: accion- 104!

[INFO] 17:30:23:192 Kernel/(6036:6059): 
dentro de la busqueda
[INFO] 17:30:23:193 Kernel/(6036:6059): [Rutina rutinaCPU] - Entramos al Caso de que CPU se quedo sin quamtum y el proceso pasa a ready: accion- 105!

[INFO] 17:30:29:420 Kernel/(6036:6054): Se acaba de mandar a la consola n°: 9, que el proceso 1 acaba de finalizar con exit code: 0

[INFO] 17:33:25:886 Kernel/(6169:6182): 
[rutina estadoNEW] - Entramos al planificador de largo plazo!

[INFO] 17:33:25:915 Kernel/(6169:6183): 
[Rutina planificadorCortoPlazo] - Entramos al planificador de corto plazo!

[INFO] 17:33:30:670 Kernel/(6169:6189): 
[rutina aceptarConexiones] - Nueva Consola Conectada!
Socket Consola 8


[INFO] 17:33:30:779 Kernel/(6169:6191): [Rutina rutinaConsola] - Entramos al hilo de la consola: 8!

[INFO] 17:33:32:885 Kernel/(6169:6189): 
[rutina aceptarConexiones] - Nueva CPU Conectada
Socket CPU 9


[INFO] 17:33:32:968 Kernel/(6169:6195): [Rutina rutinaCPU] - Entramos al hilo de la CPU cuyo socket es: 9.

[INFO] 17:33:32:968 Kernel/(6169:6195): [Rutina rutinaCPU] - Entramos al Caso de que CPU pide un pcb: accion- 103!

[INFO] 17:33:40:979 Kernel/(6169:6191): [Rutina rutinaConsola] - Nuevo script recibido!

[INFO] 17:33:40:979 Kernel/(6169:6191): El stream es : #poronga
begin
variables f, i, t
#`i`: Iterador
i=0
#`f`: Hasta donde contar
f=20
:inicio
#Incrementar el iterador
i=i+1
#Imprimir el contador
prints n i
#`t`: Comparador entre `i` y `f`
t=f-i
#De no ser iguales, salta a inicio
jnz t inicio
end
 /n
[INFO] 17:33:40:991 Kernel/(6169:6182): 


Estamos en la función newToReady a largo plazo!


[INFO] 17:33:40:991 Kernel/(6169:6182): Estructura:--
Pid: 1
Script: #poronga
begin
variables f, i, t
#`i`: Iterador
i=0
#`f`: Hasta donde contar
f=20
:inicio
#Incrementar el iterador
i=i+1
#Imprimir el contador
prints n i
#`t`: Comparador entre `i` y `f`
t=f-i
#De no ser iguales, salta a inicio
jnz t inicio
end

SocketConsola:8


[INFO] 17:33:40:992 Kernel/(6169:6182): [memoria_dividirScriptEnPaginas] - #poronga
begin
variables f, i, t
#`i`: Iterador
i=0
#`f`: Hasta donde contar
f=20
:inicio
#Incrementar el iterador
i=i+1
#Imprimir el contador
prints n i
#`t`: Comparador entre `i` y `f`
t=f-i
#De no ser iguales, salta a inicio
jnz t inicio
end

[INFO] 17:33:40:1 Kernel/(6169:6182): 

[Funcion consola_recibirScript] - Memoria dio el Ok para el proceso recien enviado: Ok-1

[INFO] 17:33:41:3 Kernel/(6169:6182): Envio una pagina: 0

[INFO] 17:33:41:3 Kernel/(6169:6182): La pagina 0, contiene:
[INFO] 17:33:41:3 Kernel/(6169:6182): #poronga
begin
variables f, i, t
#`i`: Iterador
i=0
#`f`: Hasta donde contar
f=20
:inicio
#Incrementar el iterador
i=i+1
#Imprimir el contador
prints n i
#`t`: Comparador entre `i` y `f`
t=f-i
#De no ser iguales, salta a inicio
jnz t inicio
end

[INFO] 17:33:42:258 Kernel/(6169:6195): [Rutina rutinaCPU] - Entramos al Caso de que CPU se quedo sin quamtum y el proceso pasa a ready: accion- 105!

[INFO] 17:33:42:316 Kernel/(6169:6195): 
dentro de la busqueda
[INFO] 17:33:42:317 Kernel/(6169:6195): [Rutina rutinaCPU] - Entramos al Caso de que CPU pide un pcb: accion- 103!

[INFO] 17:33:42:694 Kernel/(6169:6195): [Rutina rutinaCPU] - Entramos al Caso de que CPU se quedo sin quamtum y el proceso pasa a ready: accion- 105!

[INFO] 17:33:42:694 Kernel/(6169:6195): 
dentro de la busqueda
[INFO] 17:33:42:715 Kernel/(6169:6195): [Rutina rutinaCPU] - Entramos al Caso de que CPU pide un pcb: accion- 103!

[INFO] 17:33:43:93 Kernel/(6169:6195): [Rutina rutinaCPU] - Entramos al Caso de que CPU se quedo sin quamtum y el proceso pasa a ready: accion- 105!

[INFO] 17:33:43:132 Kernel/(6169:6195): 
dentro de la busqueda
[INFO] 17:33:43:133 Kernel/(6169:6195): [Rutina rutinaCPU] - Entramos al Caso de que CPU pide un pcb: accion- 103!

[INFO] 17:33:43:494 Kernel/(6169:6195): [Rutina rutinaCPU] - Entramos al Caso de que CPU se quedo sin quamtum y el proceso pasa a ready: accion- 105!

[INFO] 17:33:43:494 Kernel/(6169:6195): 
dentro de la busqueda
[INFO] 17:33:43:503 Kernel/(6169:6195): [Rutina rutinaCPU] - Entramos al Caso de que CPU pide un pcb: accion- 103!

[INFO] 17:33:43:890 Kernel/(6169:6195): [Rutina rutinaCPU] - Entramos al Caso de que CPU se quedo sin quamtum y el proceso pasa a ready: accion- 105!

[INFO] 17:33:43:890 Kernel/(6169:6195): 
dentro de la busqueda
[INFO] 17:33:43:925 Kernel/(6169:6195): [Rutina rutinaCPU] - Entramos al Caso de que CPU pide un pcb: accion- 103!

[INFO] 17:33:44:310 Kernel/(6169:6195): [Rutina rutinaCPU] - Entramos al Caso de que CPU se quedo sin quamtum y el proceso pasa a ready: accion- 105!

[INFO] 17:33:44:310 Kernel/(6169:6195): 
dentro de la busqueda
[INFO] 17:33:44:351 Kernel/(6169:6195): [Rutina rutinaCPU] - Entramos al Caso de que CPU pide un pcb: accion- 103!

[INFO] 17:33:44:720 Kernel/(6169:6195): [Rutina rutinaCPU] - Entramos al Caso de que CPU se quedo sin quamtum y el proceso pasa a ready: accion- 105!

[INFO] 17:33:44:720 Kernel/(6169:6195): 
dentro de la busqueda
[INFO] 17:33:44:751 Kernel/(6169:6195): [Rutina rutinaCPU] - Entramos al Caso de que CPU pide un pcb: accion- 103!

[INFO] 17:33:45:116 Kernel/(6169:6195): [Rutina rutinaCPU] - Entramos al Caso de que CPU se quedo sin quamtum y el proceso pasa a ready: accion- 105!

[INFO] 17:33:45:116 Kernel/(6169:6195): 
dentro de la busqueda
[INFO] 17:33:45:168 Kernel/(6169:6195): [Rutina rutinaCPU] - Entramos al Caso de que CPU pide un pcb: accion- 103!

[INFO] 17:33:45:523 Kernel/(6169:6195): [Rutina rutinaCPU] - Entramos al Caso de que CPU se quedo sin quamtum y el proceso pasa a ready: accion- 105!

[INFO] 17:33:45:524 Kernel/(6169:6195): 
dentro de la busqueda
[INFO] 17:33:45:528 Kernel/(6169:6195): [Rutina rutinaCPU] - Entramos al Caso de que CPU pide un pcb: accion- 103!

[INFO] 17:33:45:898 Kernel/(6169:6195): [Rutina rutinaCPU] - Entramos al Caso de que CPU se quedo sin quamtum y el proceso pasa a ready: accion- 105!

[INFO] 17:33:45:898 Kernel/(6169:6195): 
dentro de la busqueda
[INFO] 17:33:45:899 Kernel/(6169:6195): [Rutina rutinaCPU] - Entramos al Caso de que CPU pide un pcb: accion- 103!

[INFO] 17:33:46:282 Kernel/(6169:6195): [Rutina rutinaCPU] - Entramos al Caso de que CPU se quedo sin quamtum y el proceso pasa a ready: accion- 105!

[INFO] 17:33:46:282 Kernel/(6169:6195): 
dentro de la busqueda
[INFO] 17:33:46:307 Kernel/(6169:6195): [Rutina rutinaCPU] - Entramos al Caso de que CPU pide un pcb: accion- 103!

[INFO] 17:33:46:700 Kernel/(6169:6195): [Rutina rutinaCPU] - Entramos al Caso de que CPU se quedo sin quamtum y el proceso pasa a ready: accion- 105!

[INFO] 17:33:46:720 Kernel/(6169:6195): 
dentro de la busqueda
[INFO] 17:33:46:726 Kernel/(6169:6195): [Rutina rutinaCPU] - Entramos al Caso de que CPU pide un pcb: accion- 103!

[INFO] 17:33:47:127 Kernel/(6169:6195): [Rutina rutinaCPU] - Entramos al Caso de que CPU se quedo sin quamtum y el proceso pasa a ready: accion- 105!

[INFO] 17:33:47:127 Kernel/(6169:6195): 
dentro de la busqueda
[INFO] 17:33:47:148 Kernel/(6169:6195): [Rutina rutinaCPU] - Entramos al Caso de que CPU pide un pcb: accion- 103!

[INFO] 17:33:47:535 Kernel/(6169:6195): [Rutina rutinaCPU] - Entramos al Caso de que CPU se quedo sin quamtum y el proceso pasa a ready: accion- 105!

[INFO] 17:33:47:548 Kernel/(6169:6195): 
dentro de la busqueda
[INFO] 17:33:47:587 Kernel/(6169:6195): [Rutina rutinaCPU] - Entramos al Caso de que CPU pide un pcb: accion- 103!

[INFO] 17:33:47:926 Kernel/(6169:6195): [Rutina rutinaCPU] - Entramos al Caso de que CPU se quedo sin quamtum y el proceso pasa a ready: accion- 105!

[INFO] 17:33:47:926 Kernel/(6169:6195): 
dentro de la busqueda
[INFO] 17:33:47:959 Kernel/(6169:6195): [Rutina rutinaCPU] - Entramos al Caso de que CPU pide un pcb: accion- 103!

[INFO] 17:33:48:347 Kernel/(6169:6195): [Rutina rutinaCPU] - Entramos al Caso de que CPU se quedo sin quamtum y el proceso pasa a ready: accion- 105!

[INFO] 17:33:48:347 Kernel/(6169:6195): 
dentro de la busqueda
[INFO] 17:33:48:392 Kernel/(6169:6195): [Rutina rutinaCPU] - Entramos al Caso de que CPU pide un pcb: accion- 103!

[INFO] 17:33:48:774 Kernel/(6169:6195): [Rutina rutinaCPU] - Entramos al Caso de que CPU se quedo sin quamtum y el proceso pasa a ready: accion- 105!

[INFO] 17:33:48:831 Kernel/(6169:6195): 
dentro de la busqueda
[INFO] 17:33:48:831 Kernel/(6169:6195): [Rutina rutinaCPU] - Entramos al Caso de que CPU pide un pcb: accion- 103!

[INFO] 17:33:49:194 Kernel/(6169:6195): [Rutina rutinaCPU] - Entramos al Caso de que CPU se quedo sin quamtum y el proceso pasa a ready: accion- 105!

[INFO] 17:33:49:247 Kernel/(6169:6195): 
dentro de la busqueda
[INFO] 17:33:49:247 Kernel/(6169:6195): [Rutina rutinaCPU] - Entramos al Caso de que CPU pide un pcb: accion- 103!

[INFO] 17:33:49:627 Kernel/(6169:6195): [Rutina rutinaCPU] - Entramos al Caso de que CPU se quedo sin quamtum y el proceso pasa a ready: accion- 105!

[INFO] 17:33:49:656 Kernel/(6169:6195): 
dentro de la busqueda
[INFO] 17:33:49:666 Kernel/(6169:6195): [Rutina rutinaCPU] - Entramos al Caso de que CPU pide un pcb: accion- 103!

[INFO] 17:33:50:42 Kernel/(6169:6195): [Rutina rutinaCPU] - Entramos al Caso de que CPU se quedo sin quamtum y el proceso pasa a ready: accion- 105!

[INFO] 17:33:50:43 Kernel/(6169:6195): 
dentro de la busqueda
[INFO] 17:33:50:73 Kernel/(6169:6195): [Rutina rutinaCPU] - Entramos al Caso de que CPU pide un pcb: accion- 103!

[INFO] 17:33:55:943 Kernel/(6169:6195): [Rutina rutinaCPU] - Entramos al Caso de que CPU termino la ejecucion de un proceso: accion- 104!

[INFO] 17:34:01:651 Kernel/(6169:6195): 
dentro de la busqueda
[INFO] 17:34:03:137 Kernel/(6169:6186): Se acaba de mandar a la consola n°: 8, que el proceso 1 acaba de finalizar con exit code: 0

[INFO] 17:34:09:768 Kernel/(6169:6195): [Rutina rutinaCPU] - Entramos al Caso de que CPU se quedo sin quamtum y el proceso pasa a ready: accion- 105!

[INFO] 23:15:33:215 Kernel/(9792:9799): 
[rutina estadoNEW] - Entramos al planificador de largo plazo!

[INFO] 23:15:33:290 Kernel/(9792:9800): 
[Rutina planificadorCortoPlazo] - Entramos al planificador de corto plazo!

[INFO] 23:15:37:258 Kernel/(9792:9806): 
[rutina aceptarConexiones] - Nueva Consola Conectada!
Socket Consola 8


[INFO] 23:15:37:372 Kernel/(9792:9809): [Rutina rutinaConsola] - Entramos al hilo de la consola: 8!

[INFO] 23:15:39:213 Kernel/(9792:9806): 
[rutina aceptarConexiones] - Nueva CPU Conectada
Socket CPU 9


[INFO] 23:15:39:386 Kernel/(9792:9812): [Rutina rutinaCPU] - Entramos al hilo de la CPU cuyo socket es: 9.

[INFO] 23:15:39:447 Kernel/(9792:9812): [Rutina rutinaCPU] - Entramos al Caso de que CPU pide un pcb: accion- 103!

[INFO] 23:15:51:576 Kernel/(9792:9809): [Rutina rutinaConsola] - Nuevo script recibido!

[INFO] 23:15:51:576 Kernel/(9792:9809): El stream es : begin
variables f, i, t
#`i`: Iterador
i=0
#`f`: Hasta donde contar
f=20
:inicio
#Incrementar el iterador
i=i+1
#Imprimir el contador
prints n i
#`t`: Comparador entre `i` y `f`
t=f-i
#De no ser iguales, salta a inicio
jnz t inicio
end
 /n
[INFO] 23:15:51:643 Kernel/(9792:9799): 


Estamos en la función newToReady a largo plazo!


[INFO] 23:15:51:645 Kernel/(9792:9799): Estructura:--
Pid: 1
Script: begin
variables f, i, t
#`i`: Iterador
i=0
#`f`: Hasta donde contar
f=20
:inicio
#Incrementar el iterador
i=i+1
#Imprimir el contador
prints n i
#`t`: Comparador entre `i` y `f`
t=f-i
#De no ser iguales, salta a inicio
jnz t inicio
end

SocketConsola:8


[INFO] 23:15:51:650 Kernel/(9792:9799): [memoria_dividirScriptEnPaginas] - begin
variables f, i, t
#`i`: Iterador
i=0
#`f`: Hasta donde contar
f=20
:inicio
#Incrementar el iterador
i=i+1
#Imprimir el contador
prints n i
#`t`: Comparador entre `i` y `f`
t=f-i
#De no ser iguales, salta a inicio
jnz t inicio
end

[INFO] 23:15:51:654 Kernel/(9792:9799): 

[Funcion consola_recibirScript] - Memoria dio el Ok para el proceso recien enviado: Ok-1

[INFO] 23:15:51:655 Kernel/(9792:9799): Envio una pagina: 0

[INFO] 23:15:51:656 Kernel/(9792:9799): La pagina 0, contiene:
[INFO] 23:15:51:656 Kernel/(9792:9799): begin
variables f, i, t
#`i`: Iterador
i=0
#`f`: Hasta donde contar
f=20
:inicio
#Incrementar el iterador
i=i+1
#Imprimir el contador
prints n i
#`t`: Comparador entre `i` y `f`
t=f-i
#De no ser iguales, salta a inicio
jnz t inicio
end

[INFO] 23:15:52:926 Kernel/(9792:9812): [Rutina rutinaCPU] - Entramos al Caso de que CPU se quedo sin quamtum y el proceso pasa a ready: accion- 105!

[INFO] 23:15:52:926 Kernel/(9792:9812): 
dentro de la busqueda
[INFO] 23:15:52:931 Kernel/(9792:9812): [Rutina rutinaCPU] - Entramos al Caso de que CPU pide un pcb: accion- 103!

[INFO] 23:15:53:308 Kernel/(9792:9812): [Rutina rutinaCPU] - Entramos al Caso de que CPU se quedo sin quamtum y el proceso pasa a ready: accion- 105!

[INFO] 23:15:53:330 Kernel/(9792:9812): 
dentro de la busqueda
[INFO] 23:15:53:347 Kernel/(9792:9812): [Rutina rutinaCPU] - Entramos al Caso de que CPU pide un pcb: accion- 103!

[INFO] 23:15:53:707 Kernel/(9792:9812): [Rutina rutinaCPU] - Entramos al Caso de que CPU se quedo sin quamtum y el proceso pasa a ready: accion- 105!

[INFO] 23:15:53:788 Kernel/(9792:9812): 
dentro de la busqueda
[INFO] 23:15:53:788 Kernel/(9792:9812): [Rutina rutinaCPU] - Entramos al Caso de que CPU pide un pcb: accion- 103!

[INFO] 23:15:54:186 Kernel/(9792:9812): [Rutina rutinaCPU] - Entramos al Caso de que CPU se quedo sin quamtum y el proceso pasa a ready: accion- 105!

[INFO] 23:15:54:231 Kernel/(9792:9812): 
dentro de la busqueda
[INFO] 23:15:54:231 Kernel/(9792:9812): [Rutina rutinaCPU] - Entramos al Caso de que CPU pide un pcb: accion- 103!

[INFO] 23:15:54:587 Kernel/(9792:9812): [Rutina rutinaCPU] - Entramos al Caso de que CPU se quedo sin quamtum y el proceso pasa a ready: accion- 105!

[INFO] 23:15:54:587 Kernel/(9792:9812): 
dentro de la busqueda
[INFO] 23:15:54:588 Kernel/(9792:9812): [Rutina rutinaCPU] - Entramos al Caso de que CPU pide un pcb: accion- 103!

[INFO] 23:15:54:987 Kernel/(9792:9812): [Rutina rutinaCPU] - Entramos al Caso de que CPU se quedo sin quamtum y el proceso pasa a ready: accion- 105!

[INFO] 23:15:55:22 Kernel/(9792:9812): 
dentro de la busqueda
[INFO] 23:15:55:22 Kernel/(9792:9812): [Rutina rutinaCPU] - Desconecto la CPU N°: 9

[INFO] 23:19:23:376 Kernel/(9918:9925): 
[rutina estadoNEW] - Entramos al planificador de largo plazo!

[INFO] 23:19:23:428 Kernel/(9918:9926): 
[Rutina planificadorCortoPlazo] - Entramos al planificador de corto plazo!

[INFO] 23:19:29:312 Kernel/(9918:9932): 
[rutina aceptarConexiones] - Nueva Consola Conectada!
Socket Consola 8


[INFO] 23:19:29:403 Kernel/(9918:9935): [Rutina rutinaConsola] - Entramos al hilo de la consola: 8!

[INFO] 23:19:35:65 Kernel/(9918:9935): [Rutina rutinaConsola] - Nuevo script recibido!

[INFO] 23:19:35:65 Kernel/(9918:9935): El stream es : begin
variables f, i, t
#`i`: Iterador
i=0
#`f`: Hasta donde contar
f=20
:inicio
#Incrementar el iterador
i=i+1
#Imprimir el contador
prints n i
#`t`: Comparador entre `i` y `f`
t=f-i
#De no ser iguales, salta a inicio
jnz t inicio
end
 /n
[INFO] 23:19:35:91 Kernel/(9918:9925): 


Estamos en la función newToReady a largo plazo!


[INFO] 23:19:35:92 Kernel/(9918:9925): Estructura:--
Pid: 1
Script: begin
variables f, i, t
#`i`: Iterador
i=0
#`f`: Hasta donde contar
f=20
:inicio
#Incrementar el iterador
i=i+1
#Imprimir el contador
prints n i
#`t`: Comparador entre `i` y `f`
t=f-i
#De no ser iguales, salta a inicio
jnz t inicio
end

SocketConsola:8


[INFO] 23:19:35:104 Kernel/(9918:9925): [memoria_dividirScriptEnPaginas] - begin
variables f, i, t
#`i`: Iterador
i=0
#`f`: Hasta donde contar
f=20
:inicio
#Incrementar el iterador
i=i+1
#Imprimir el contador
prints n i
#`t`: Comparador entre `i` y `f`
t=f-i
#De no ser iguales, salta a inicio
jnz t inicio
end

[INFO] 23:19:35:105 Kernel/(9918:9925): 

[Funcion consola_recibirScript] - Memoria dio el Ok para el proceso recien enviado: Ok-1

[INFO] 23:19:35:126 Kernel/(9918:9925): Envio una pagina: 0

[INFO] 23:19:35:126 Kernel/(9918:9925): La pagina 0, contiene:
[INFO] 23:19:35:134 Kernel/(9918:9925): begin
variables f, i, t
#`i`: Iterador
i=0
#`f`: Hasta donde contar
f=20
:inicio
#Incrementar el iterador
i=i+1
#Imprimir el contador
prints n i
#`t`: Comparador entre `i` y `f`
t=f-i
#De no ser iguales, salta a inicio
jnz t inicio
end

[INFO] 23:19:37:598 Kernel/(9918:9932): 
[rutina aceptarConexiones] - Nueva CPU Conectada
Socket CPU 9


[INFO] 23:19:37:774 Kernel/(9918:9938): [Rutina rutinaCPU] - Entramos al hilo de la CPU cuyo socket es: 9.

[INFO] 23:19:37:774 Kernel/(9918:9938): [Rutina rutinaCPU] - Entramos al Caso de que CPU pide un pcb: accion- 103!

[INFO] 23:20:12:988 Kernel/(9918:9938): [Rutina rutinaCPU] - Entramos al Caso de que CPU se quedo sin quamtum y el proceso pasa a ready: accion- 105!

[INFO] 23:20:12:995 Kernel/(9918:9938): 
dentro de la busqueda
[INFO] 23:20:12:995 Kernel/(9918:9938): [Rutina rutinaCPU] - Entramos al Caso de que CPU pide un pcb: accion- 103!

[INFO] 23:23:03:736 Kernel/(10036:10043): 
[rutina estadoNEW] - Entramos al planificador de largo plazo!

[INFO] 23:23:03:830 Kernel/(10036:10044): 
[Rutina planificadorCortoPlazo] - Entramos al planificador de corto plazo!

[INFO] 23:23:07:432 Kernel/(10036:10050): 
[rutina aceptarConexiones] - Nueva CPU Conectada
Socket CPU 8


[INFO] 23:23:07:506 Kernel/(10036:10053): [Rutina rutinaCPU] - Entramos al hilo de la CPU cuyo socket es: 8.

[INFO] 23:23:07:506 Kernel/(10036:10053): [Rutina rutinaCPU] - Entramos al Caso de que CPU pide un pcb: accion- 103!

[INFO] 23:23:09:688 Kernel/(10036:10050): 
[rutina aceptarConexiones] - Nueva Consola Conectada!
Socket Consola 9


[INFO] 23:23:09:759 Kernel/(10036:10056): [Rutina rutinaConsola] - Entramos al hilo de la consola: 9!

[INFO] 23:23:15:884 Kernel/(10036:10056): [Rutina rutinaConsola] - Nuevo script recibido!

[INFO] 23:23:15:884 Kernel/(10036:10056): El stream es : begin
variables f, i, t
#`i`: Iterador
i=0
#`f`: Hasta donde contar
f=20
:inicio
#Incrementar el iterador
i=i+1
#Imprimir el contador
prints n i
#`t`: Comparador entre `i` y `f`
t=f-i
#De no ser iguales, salta a inicio
jnz t inicio
end
 /n
[INFO] 23:23:15:908 Kernel/(10036:10043): 


Estamos en la función newToReady a largo plazo!


[INFO] 23:23:15:908 Kernel/(10036:10043): Estructura:--
Pid: 1
Script: begin
variables f, i, t
#`i`: Iterador
i=0
#`f`: Hasta donde contar
f=20
:inicio
#Incrementar el iterador
i=i+1
#Imprimir el contador
prints n i
#`t`: Comparador entre `i` y `f`
t=f-i
#De no ser iguales, salta a inicio
jnz t inicio
end

SocketConsola:9


[INFO] 23:23:15:908 Kernel/(10036:10043): [memoria_dividirScriptEnPaginas] - begin
variables f, i, t
#`i`: Iterador
i=0
#`f`: Hasta donde contar
f=20
:inicio
#Incrementar el iterador
i=i+1
#Imprimir el contador
prints n i
#`t`: Comparador entre `i` y `f`
t=f-i
#De no ser iguales, salta a inicio
jnz t inicio
end

[INFO] 23:23:15:909 Kernel/(10036:10043): 

[Funcion consola_recibirScript] - Memoria dio el Ok para el proceso recien enviado: Ok-1

[INFO] 23:23:15:911 Kernel/(10036:10043): Envio una pagina: 0

[INFO] 23:23:15:918 Kernel/(10036:10043): La pagina 0, contiene:
[INFO] 23:23:15:918 Kernel/(10036:10043): begin
variables f, i, t
#`i`: Iterador
i=0
#`f`: Hasta donde contar
f=20
:inicio
#Incrementar el iterador
i=i+1
#Imprimir el contador
prints n i
#`t`: Comparador entre `i` y `f`
t=f-i
#De no ser iguales, salta a inicio
jnz t inicio
end

[INFO] 23:23:17:146 Kernel/(10036:10053): [Rutina rutinaCPU] - Entramos al Caso de que CPU se quedo sin quamtum y el proceso pasa a ready: accion- 105!

[INFO] 23:23:17:146 Kernel/(10036:10053): 
dentro de la busqueda
[INFO] 23:23:17:162 Kernel/(10036:10053): [Rutina rutinaCPU] - Entramos al Caso de que CPU pide un pcb: accion- 103!

[INFO] 23:23:17:535 Kernel/(10036:10053): [Rutina rutinaCPU] - Entramos al Caso de que CPU se quedo sin quamtum y el proceso pasa a ready: accion- 105!

[INFO] 23:23:17:583 Kernel/(10036:10053): 
dentro de la busqueda
[INFO] 23:23:17:583 Kernel/(10036:10053): [Rutina rutinaCPU] - Entramos al Caso de que CPU pide un pcb: accion- 103!

[INFO] 23:23:17:942 Kernel/(10036:10053): [Rutina rutinaCPU] - Entramos al Caso de que CPU se quedo sin quamtum y el proceso pasa a ready: accion- 105!

[INFO] 23:23:17:962 Kernel/(10036:10053): 
dentro de la busqueda
[INFO] 23:23:18:8 Kernel/(10036:10053): [Rutina rutinaCPU] - Entramos al Caso de que CPU pide un pcb: accion- 103!

[INFO] 23:23:18:15 Kernel/(10036:10053): [Rutina rutinaCPU] - Entramos al Caso de que CPU se quedo sin quamtum y el proceso pasa a ready: accion- 105!

[INFO] 23:23:18:15 Kernel/(10036:10053): 
dentro de la busqueda
[INFO] 23:23:18:15 Kernel/(10036:10053): [Rutina rutinaCPU] - Desconecto la CPU N°: 8

[INFO] 18:51:54:70 Kernel/(6383:6400): 
[rutina estadoNEW] - Entramos al planificador de largo plazo!

[INFO] 18:51:54:109 Kernel/(6383:6401): 
[Rutina planificadorCortoPlazo] - Entramos al planificador de corto plazo!

[INFO] 18:51:57:389 Kernel/(6383:6407): 
[rutina aceptarConexiones] - Nueva Consola Conectada!
Socket Consola 8


[INFO] 18:51:57:466 Kernel/(6383:6409): [Rutina rutinaConsola] - Entramos al hilo de la consola: 8!

[INFO] 18:52:08:523 Kernel/(6383:6409): [Rutina rutinaConsola] - Nuevo script recibido!

[INFO] 18:52:08:523 Kernel/(6383:6409): El stream es : #!/usr/bin/ansisop
begin
:etiqueta
wait c
prints n !colas
signal b
#Ciclar indefinidamente
goto etiqueta
end
 /n
[INFO] 18:52:08:552 Kernel/(6383:6400): 


Estamos en la función newToReady a largo plazo!


[INFO] 18:52:08:553 Kernel/(6383:6400): Estructura:--
Pid: 1
Script: #!/usr/bin/ansisop
begin
:etiqueta
wait c
prints n !colas
signal b
#Ciclar indefinidamente
goto etiqueta
end

SocketConsola:8


[INFO] 18:52:08:553 Kernel/(6383:6400): [memoria_dividirScriptEnPaginas] - #!/usr/bin/ansisop
begin
:etiqueta
wait c
prints n !colas
signal b
#Ciclar indefinidamente
goto etiqueta
end

[INFO] 18:52:08:561 Kernel/(6383:6400): 

[Funcion consola_recibirScript] - Memoria dio el Ok para el proceso recien enviado: Ok-1

[INFO] 18:52:08:573 Kernel/(6383:6400): Envio una pagina: 0

[INFO] 18:52:08:574 Kernel/(6383:6400): La pagina 0, contiene:
[INFO] 18:52:08:574 Kernel/(6383:6400): #!/usr/bin/ansisop
begin
:etiqueta
wait c
prints n !colas
signal b
#Ciclar indefinidamente
goto etiqueta
end

[INFO] 18:52:17:932 Kernel/(6383:6409): [Rutina rutinaConsola] - Nuevo script recibido!

[INFO] 18:52:17:933 Kernel/(6383:6409): El stream es : #!/usr/bin/ansisop
begin
:etiqueta
wait b
!colas = !colas +1
signal c
#Ciclar indefinidamente
goto etiqueta
end
 /n
[INFO] 18:52:17:950 Kernel/(6383:6400): 


Estamos en la función newToReady a largo plazo!


[INFO] 18:52:17:952 Kernel/(6383:6400): Estructura:--
Pid: 2
Script: #!/usr/bin/ansisop
begin
:etiqueta
wait b
!colas = !colas +1
signal c
#Ciclar indefinidamente
goto etiqueta
end

SocketConsola:8


[INFO] 18:52:17:952 Kernel/(6383:6400): [memoria_dividirScriptEnPaginas] - #!/usr/bin/ansisop
begin
:etiqueta
wait b
!colas = !colas +1
signal c
#Ciclar indefinidamente
goto etiqueta
end

[INFO] 18:52:17:954 Kernel/(6383:6400): 

[Funcion consola_recibirScript] - Memoria dio el Ok para el proceso recien enviado: Ok-1

[INFO] 18:52:17:956 Kernel/(6383:6400): Envio una pagina: 0

[INFO] 18:52:17:956 Kernel/(6383:6400): La pagina 0, contiene:
[INFO] 18:52:17:956 Kernel/(6383:6400): #!/usr/bin/ansisop
begin
:etiqueta
wait b
!colas = !colas +1
signal c
#Ciclar indefinidamente
goto etiqueta
end

[INFO] 18:52:28:501 Kernel/(6383:6407): 
[rutina aceptarConexiones] - Nueva CPU Conectada
Socket CPU 9


[INFO] 18:52:28:702 Kernel/(6383:6414): [Rutina rutinaCPU] - Entramos al hilo de la CPU cuyo socket es: 9.

[INFO] 18:52:28:702 Kernel/(6383:6414): [Rutina rutinaCPU] - Entramos al Caso de que CPU pide un pcb: accion- 103!

[INFO] 18:52:29:208 Kernel/(6383:6414): 
dentro de la busqueda
