[INFO] 07:25:03:121 Consola/(12788:12788): Se inicializan los semaforos
[INFO] 07:25:03:151 Consola/(12788:12788): Se conecto la Consola y el Kernel
[INFO] 07:26:12:439 Consola/(12788:12788): Se escribió un comando en la consola
[INFO] 07:26:12:439 Consola/(12788:12788): Se creo el script correctamente este dice: #!/usr/bin/ansisop
begin
:etiqueta
wait b
!colas = !colas +1
signal c
#Ciclar indefinidamente
goto etiqueta
end

[INFO] 07:26:12:440 Consola/(12788:12788): Se le envio el script al Kernel que dice : #!/usr/bin/ansisop
begin
:etiqueta
wait b
!colas = !colas +1
signal c
#Ciclar indefinidamente
goto etiqueta
end

[INFO] 07:26:12:444 Consola/(12788:12789): Se creo un hilo Detachable para el proceso 2
[INFO] 07:26:12:452 Consola/(12788:12806): Se inicializo rutinaPrograma 2 en el tiempo 07:26:12:445
[INFO] 07:26:42:364 Consola/(12788:12788): Se escribió un comando en la consola
[INFO] 07:26:42:368 Consola/(12788:12788): Se le envia el pid -1217437696 para que Kernel lo finalice
[ERROR] 07:26:52:909 Consola/(12788:12789): Se desconecto el kernel
[WARNING] 07:27:18:532 Consola/(12788:12788): Se recibio una SIGINT, se finalizará el proceso
[INFO] 07:27:19:133 Consola/(12829:12829): Se inicializan los semaforos
[INFO] 07:27:19:178 Consola/(12829:12829): Se conecto la Consola y el Kernel
[INFO] 07:27:54:360 Consola/(12829:12829): Se escribió un comando en la consola
[INFO] 07:27:54:361 Consola/(12829:12829): Se creo el script correctamente este dice: #!/usr/bin/ansisop
begin
:etiqueta
wait b
!colas = !colas +1
signal c
#Ciclar indefinidamente
goto etiqueta
end

[INFO] 07:27:54:362 Consola/(12829:12829): Se le envio el script al Kernel que dice : #!/usr/bin/ansisop
begin
:etiqueta
wait b
!colas = !colas +1
signal c
#Ciclar indefinidamente
goto etiqueta
end

[INFO] 07:27:54:366 Consola/(12829:12831): Se creo un hilo Detachable para el proceso 1
[INFO] 07:27:54:372 Consola/(12829:12836): Se inicializo rutinaPrograma 1 en el tiempo 07:27:54:366
[ERROR] 07:28:38:598 Consola/(12829:12831): Se desconecto el kernel
[WARNING] 07:28:45:318 Consola/(12829:12829): Se recibio una SIGINT, se finalizará el proceso
[INFO] 07:29:12:98 Consola/(12863:12863): Se inicializan los semaforos
[INFO] 07:29:12:115 Consola/(12863:12863): Se conecto la Consola y el Kernel
[INFO] 07:29:22:672 Consola/(12863:12863): Se escribió un comando en la consola
[INFO] 07:29:22:673 Consola/(12863:12863): Se creo el script correctamente este dice: #!/usr/bin/ansisop
begin
:etiqueta
wait c
prints n !colas
signal b
#Ciclar indefinidamente
goto etiqueta
end

[INFO] 07:29:22:673 Consola/(12863:12863): Se le envio el script al Kernel que dice : #!/usr/bin/ansisop
begin
:etiqueta
wait c
prints n !colas
signal b
#Ciclar indefinidamente
goto etiqueta
end

[INFO] 07:29:22:677 Consola/(12863:12864): Se creo un hilo Detachable para el proceso 1
[INFO] 07:29:22:680 Consola/(12863:12866): Se inicializo rutinaPrograma 1 en el tiempo 07:29:22:678
[INFO] 07:29:53:164 Consola/(12863:12866): Se imprimio el mensaje del pid 1: 1

[ERROR] 07:30:29:699 Consola/(12863:12864): Se desconecto el kernel
[WARNING] 07:45:06:13 Consola/(12863:12863): Se recibio una SIGINT, se finalizará el proceso
[INFO] 07:45:12:845 Consola/(13638:13638): Se inicializan los semaforos
[INFO] 07:45:12:880 Consola/(13638:13638): Se conecto la Consola y el Kernel
[INFO] 07:45:17:970 Consola/(13638:13638): Se escribió un comando en la consola
[ERROR] 07:45:17:972 Consola/(13638:13638): Error: el archivo ../productores no esta en el directorio o no existe 
[INFO] 07:45:26:519 Consola/(13638:13638): Se escribió un comando en la consola
[ERROR] 07:45:26:520 Consola/(13638:13638): Error: el archivo ../consumidores no esta en el directorio o no existe 
[INFO] 07:45:33:768 Consola/(13638:13638): Se escribió un comando en la consola
[INFO] 07:45:33:768 Consola/(13638:13638): Se creo el script correctamente este dice: #!/usr/bin/ansisop
begin
:etiqueta
wait c
prints n !colas
signal b
#Ciclar indefinidamente
goto etiqueta
end

[INFO] 07:45:33:769 Consola/(13638:13638): Se le envio el script al Kernel que dice : #!/usr/bin/ansisop
begin
:etiqueta
wait c
prints n !colas
signal b
#Ciclar indefinidamente
goto etiqueta
end

[INFO] 07:45:33:773 Consola/(13638:13639): Se creo un hilo Detachable para el proceso 1
[INFO] 07:45:33:777 Consola/(13638:13641): Se inicializo rutinaPrograma 1 en el tiempo 07:45:33:773
[INFO] 07:45:39:991 Consola/(13638:13638): Se escribió un comando en la consola
[INFO] 07:45:39:992 Consola/(13638:13638): Se creo el script correctamente este dice: #!/usr/bin/ansisop
begin
:etiqueta
wait c
prints n !colas
signal b
#Ciclar indefinidamente
goto etiqueta
end

[INFO] 07:45:39:992 Consola/(13638:13638): Se le envio el script al Kernel que dice : #!/usr/bin/ansisop
begin
:etiqueta
wait c
prints n !colas
signal b
#Ciclar indefinidamente
goto etiqueta
end

[INFO] 07:45:39:0 Consola/(13638:13639): Se creo un hilo Detachable para el proceso 2
[INFO] 07:45:40:43 Consola/(13638:13642): Se inicializo rutinaPrograma 2 en el tiempo 07:45:40:24
[INFO] 07:46:00:220 Consola/(13638:13638): Se escribió un comando en la consola
[INFO] 07:46:00:221 Consola/(13638:13638): Se creo el script correctamente este dice: #!/usr/bin/ansisop
begin
:etiqueta
wait b
!colas = !colas +1
signal c
#Ciclar indefinidamente
goto etiqueta
end

[INFO] 07:46:00:221 Consola/(13638:13638): Se le envio el script al Kernel que dice : #!/usr/bin/ansisop
begin
:etiqueta
wait b
!colas = !colas +1
signal c
#Ciclar indefinidamente
goto etiqueta
end

[INFO] 07:46:00:228 Consola/(13638:13639): Se creo un hilo Detachable para el proceso 3
[INFO] 07:46:00:258 Consola/(13638:13646): Se inicializo rutinaPrograma 3 en el tiempo 07:46:00:257
[INFO] 07:46:03:856 Consola/(13638:13641): Se imprimio el mensaje del pid 1: 1

[INFO] 07:46:08:138 Consola/(13638:13642): Se imprimio el mensaje del pid 2: 2

[INFO] 07:46:12:411 Consola/(13638:13641): Se imprimio el mensaje del pid 1: 3

[INFO] 07:46:16:642 Consola/(13638:13642): Se imprimio el mensaje del pid 2: 4

[INFO] 07:46:20:980 Consola/(13638:13641): Se imprimio el mensaje del pid 1: 5

[INFO] 07:46:25:307 Consola/(13638:13642): Se imprimio el mensaje del pid 2: 6

[INFO] 07:46:29:762 Consola/(13638:13641): Se imprimio el mensaje del pid 1: 7

[INFO] 07:46:34:47 Consola/(13638:13642): Se imprimio el mensaje del pid 2: 8

[INFO] 07:46:38:540 Consola/(13638:13641): Se imprimio el mensaje del pid 1: 9

[INFO] 07:46:42:891 Consola/(13638:13642): Se imprimio el mensaje del pid 2: 10

[INFO] 07:46:47:159 Consola/(13638:13641): Se imprimio el mensaje del pid 1: 11

[INFO] 07:46:51:431 Consola/(13638:13642): Se imprimio el mensaje del pid 2: 12

[INFO] 07:46:55:735 Consola/(13638:13641): Se imprimio el mensaje del pid 1: 13

[INFO] 07:47:00:78 Consola/(13638:13642): Se imprimio el mensaje del pid 2: 14

[INFO] 07:47:04:371 Consola/(13638:13641): Se imprimio el mensaje del pid 1: 15

[INFO] 07:47:08:619 Consola/(13638:13642): Se imprimio el mensaje del pid 2: 16

[INFO] 07:47:12:922 Consola/(13638:13641): Se imprimio el mensaje del pid 1: 17

[INFO] 07:47:17:140 Consola/(13638:13642): Se imprimio el mensaje del pid 2: 18

